05-06-2019: server started at localhost:3000
05-06-2019: server started at localhost:3000
05-06-2019: server started at localhost:3000
05-06-2019: server started at localhost:3000
05-06-2019:  DONE  Compiled successfully in NaNms
05-06-2019:  DONE  Compiled successfully in NaNms
05-06-2019:  DONE  Compiled successfully in NaNms
05-06-2019:  DONE  Compiled successfully in NaNms
05-06-2019: 
05-06-2019:  App running at: http://127.0.0.1:3000
05-06-2019: 
05-06-2019: 
05-06-2019: webpack built c02a6153e052bc644d7b in 9400ms
05-06-2019: 
05-06-2019:  App running at: http://127.0.0.1:3000
05-06-2019: 
05-06-2019: 
05-06-2019: webpack built c02a6153e052bc644d7b in 9445ms
05-06-2019: 
05-06-2019:  App running at: http://127.0.0.1:3000
05-06-2019: 
05-06-2019: 
05-06-2019: webpack built c02a6153e052bc644d7b in 9493ms
05-06-2019: 
05-06-2019:  App running at: http://127.0.0.1:3000
05-06-2019: 
05-06-2019: 
05-06-2019: webpack built c02a6153e052bc644d7b in 9476ms
05-06-2019: server started at localhost:3000
05-06-2019: server started at localhost:3000
05-06-2019: server started at localhost:3000
05-06-2019: server started at localhost:3000
05-06-2019:  DONE  Compiled successfully in NaNms
05-06-2019:  DONE  Compiled successfully in NaNms
05-06-2019: 
05-06-2019:  App running at: http://127.0.0.1:3000
05-06-2019: 
05-06-2019: 
05-06-2019: webpack built c02a6153e052bc644d7b in 8099ms
05-06-2019: 
05-06-2019:  App running at: http://127.0.0.1:3000
05-06-2019: 
05-06-2019: 
05-06-2019: webpack built c02a6153e052bc644d7b in 8160ms
05-06-2019:  DONE  Compiled successfully in NaNms
05-06-2019:  DONE  Compiled successfully in NaNms
05-06-2019: 
05-06-2019:  App running at: http://127.0.0.1:3000
05-06-2019: 
05-06-2019: 
05-06-2019: webpack built c02a6153e052bc644d7b in 8415ms
05-06-2019: 
05-06-2019:  App running at: http://127.0.0.1:3000
05-06-2019: 
05-06-2019: 
05-06-2019: webpack built c02a6153e052bc644d7b in 8462ms
05-06-2019: webpack building...
05-06-2019: webpack building...
05-06-2019: webpack building...
05-06-2019: webpack building...
05-06-2019: webpack built 0d6df18691d26f919a0b in 7881ms
05-06-2019: webpack built 0d6df18691d26f919a0b in 7937ms
05-06-2019: webpack built 0d6df18691d26f919a0b in 7994ms
05-06-2019: webpack built 0d6df18691d26f919a0b in 8004ms
05-06-2019: webpack building...
05-06-2019: webpack building...
05-06-2019: webpack building...
05-06-2019: webpack building...
05-06-2019: webpack built 16d9cb7b7babcb906886 in 7719ms
05-06-2019: webpack built 16d9cb7b7babcb906886 in 7744ms
05-06-2019: webpack built 16d9cb7b7babcb906886 in 7769ms
05-06-2019: webpack built 16d9cb7b7babcb906886 in 7811ms
05-06-2019: webpack building...
05-06-2019: webpack building...
05-06-2019: webpack building...
05-06-2019: webpack building...
05-06-2019: webpack built 644828bd1dade51c96c3 in 7314ms
05-06-2019: webpack built 644828bd1dade51c96c3 in 7315ms
05-06-2019: webpack built 644828bd1dade51c96c3 in 7362ms
05-06-2019: webpack built 644828bd1dade51c96c3 in 7365ms
05-06-2019: webpack building...
05-06-2019: webpack building...
05-06-2019: webpack building...
05-06-2019: webpack building...
05-06-2019: webpack built 82332985eee8862af310 in 6785ms
05-06-2019: webpack building...
05-06-2019: webpack built 82332985eee8862af310 in 6814ms
05-06-2019: webpack building...
05-06-2019: webpack built 82332985eee8862af310 in 6844ms
05-06-2019: webpack building...
05-06-2019: webpack built 82332985eee8862af310 in 6867ms
05-06-2019: webpack building...
05-06-2019: webpack built 82332985eee8862af310 in 6297ms
05-06-2019: webpack built 82332985eee8862af310 in 6225ms
05-06-2019: webpack built 82332985eee8862af310 in 6259ms
05-06-2019: webpack built 82332985eee8862af310 in 6282ms
05-06-2019: server started at localhost:3000
05-06-2019: server started at localhost:3000
05-06-2019: server started at localhost:3000
05-06-2019: server started at localhost:3000
05-06-2019:  DONE  Compiled successfully in NaNms
05-06-2019:  DONE  Compiled successfully in NaNms
05-06-2019:  DONE  Compiled successfully in NaNms
05-06-2019: 
05-06-2019:  App running at: http://127.0.0.1:3000
05-06-2019: 
05-06-2019: 
05-06-2019: webpack built bbfc64f8cdd885de2942 in 8779ms
05-06-2019: 
05-06-2019:  App running at: http://127.0.0.1:3000
05-06-2019: 
05-06-2019: 
05-06-2019: webpack built bbfc64f8cdd885de2942 in 8787ms
05-06-2019:  DONE  Compiled successfully in NaNms
05-06-2019: 
05-06-2019:  App running at: http://127.0.0.1:3000
05-06-2019: 
05-06-2019: 
05-06-2019: webpack built bbfc64f8cdd885de2942 in 8810ms
05-06-2019: 
05-06-2019:  App running at: http://127.0.0.1:3000
05-06-2019: 
05-06-2019: 
05-06-2019: webpack built bbfc64f8cdd885de2942 in 8904ms
